<?xml version="1.0" encoding="UTF-8"?>
<coverage generated="1748013822368" clover="3.2.0">
  <project timestamp="1748013822368" name="All files">
    <metrics statements="312" coveredstatements="144" conditionals="166" coveredconditionals="62" methods="52" coveredmethods="27" elements="530" coveredelements="233" complexity="0" loc="312" ncloc="312" packages="1" files="1" classes="1"/>
    <file name="index.js" path="C:\Coding Projects\aim_possible_repo\backend\index.js">
      <metrics statements="312" coveredstatements="144" conditionals="166" coveredconditionals="62" methods="52" coveredmethods="27"/>
      <line num="1" count="5" type="stmt"/>
      <line num="2" count="5" type="stmt"/>
      <line num="3" count="5" type="stmt"/>
      <line num="4" count="5" type="stmt"/>
      <line num="5" count="5" type="stmt"/>
      <line num="6" count="5" type="stmt"/>
      <line num="7" count="5" type="stmt"/>
      <line num="10" count="5" type="stmt"/>
      <line num="11" count="5" type="cond" truecount="2" falsecount="0"/>
      <line num="14" count="5" type="stmt"/>
      <line num="15" count="5" type="cond" truecount="1" falsecount="1"/>
      <line num="20" count="5" type="stmt"/>
      <line num="29" count="5" type="stmt"/>
      <line num="30" count="5" type="stmt"/>
      <line num="33" count="5" type="stmt"/>
      <line num="34" count="1" type="stmt"/>
      <line num="42" count="5" type="cond" truecount="1" falsecount="1"/>
      <line num="43" count="0" type="stmt"/>
      <line num="47" count="5" type="stmt"/>
      <line num="48" count="5" type="cond" truecount="1" falsecount="1"/>
      <line num="49" count="0" type="stmt"/>
      <line num="53" count="5" type="cond" truecount="2" falsecount="0"/>
      <line num="56" count="5" type="stmt"/>
      <line num="57" count="5" type="cond" truecount="1" falsecount="1"/>
      <line num="58" count="0" type="stmt"/>
      <line num="59" count="0" type="stmt"/>
      <line num="61" count="5" type="stmt"/>
      <line num="64" count="5" type="cond" truecount="1" falsecount="1"/>
      <line num="65" count="0" type="stmt"/>
      <line num="70" count="5" type="stmt"/>
      <line num="71" count="5" type="stmt"/>
      <line num="74" count="5" type="stmt"/>
      <line num="86" count="0" type="stmt"/>
      <line num="89" count="0" type="stmt"/>
      <line num="98" count="0" type="cond" truecount="0" falsecount="2"/>
      <line num="99" count="0" type="stmt"/>
      <line num="100" count="0" type="stmt"/>
      <line num="102" count="0" type="stmt"/>
      <line num="105" count="0" type="stmt"/>
      <line num="118" count="0" type="cond" truecount="0" falsecount="2"/>
      <line num="119" count="0" type="stmt"/>
      <line num="120" count="0" type="stmt"/>
      <line num="122" count="0" type="stmt"/>
      <line num="125" count="0" type="stmt"/>
      <line num="126" count="0" type="cond" truecount="0" falsecount="2"/>
      <line num="127" count="0" type="stmt"/>
      <line num="128" count="0" type="stmt"/>
      <line num="131" count="0" type="cond" truecount="0" falsecount="2"/>
      <line num="132" count="0" type="stmt"/>
      <line num="135" count="0" type="stmt"/>
      <line num="143" count="0" type="stmt"/>
      <line num="145" count="0" type="stmt"/>
      <line num="146" count="0" type="stmt"/>
      <line num="147" count="0" type="cond" truecount="0" falsecount="2"/>
      <line num="151" count="0" type="stmt"/>
      <line num="152" count="0" type="stmt"/>
      <line num="159" count="0" type="stmt"/>
      <line num="167" count="0" type="stmt"/>
      <line num="178" count="0" type="stmt"/>
      <line num="190" count="0" type="stmt"/>
      <line num="202" count="0" type="stmt"/>
      <line num="214" count="0" type="stmt"/>
      <line num="229" count="5" type="stmt"/>
      <line num="230" count="1" type="stmt"/>
      <line num="231" count="1" type="cond" truecount="1" falsecount="1"/>
      <line num="232" count="0" type="stmt"/>
      <line num="233" count="0" type="stmt"/>
      <line num="235" count="1" type="stmt"/>
      <line num="239" count="5" type="stmt"/>
      <line num="240" count="2" type="stmt"/>
      <line num="242" count="2" type="cond" truecount="2" falsecount="0"/>
      <line num="243" count="1" type="stmt"/>
      <line num="246" count="1" type="cond" truecount="1" falsecount="1"/>
      <line num="247" count="1" type="cond" truecount="1" falsecount="1"/>
      <line num="248" count="0" type="stmt"/>
      <line num="249" count="0" type="stmt"/>
      <line num="252" count="1" type="stmt"/>
      <line num="263" count="5" type="stmt"/>
      <line num="264" count="2" type="stmt"/>
      <line num="265" count="2" type="cond" truecount="1" falsecount="1"/>
      <line num="266" count="0" type="stmt"/>
      <line num="267" count="0" type="stmt"/>
      <line num="269" count="2" type="stmt"/>
      <line num="274" count="5" type="stmt"/>
      <line num="275" count="4" type="stmt"/>
      <line num="276" count="4" type="stmt"/>
      <line num="277" count="4" type="cond" truecount="1" falsecount="1"/>
      <line num="278" count="0" type="stmt"/>
      <line num="279" count="0" type="stmt"/>
      <line num="282" count="4" type="cond" truecount="2" falsecount="0"/>
      <line num="283" count="2" type="stmt"/>
      <line num="286" count="2" type="stmt"/>
      <line num="291" count="5" type="stmt"/>
      <line num="292" count="3" type="stmt"/>
      <line num="293" count="3" type="stmt"/>
      <line num="294" count="3" type="stmt"/>
      <line num="296" count="3" type="cond" truecount="4" falsecount="0"/>
      <line num="297" count="2" type="stmt"/>
      <line num="299" count="2" type="cond" truecount="2" falsecount="0"/>
      <line num="300" count="1" type="stmt"/>
      <line num="301" count="1" type="stmt"/>
      <line num="304" count="2" type="cond" truecount="2" falsecount="0"/>
      <line num="305" count="1" type="cond" truecount="1" falsecount="1"/>
      <line num="306" count="1" type="stmt"/>
      <line num="310" count="3" type="stmt"/>
      <line num="312" count="3" type="stmt"/>
      <line num="313" count="3" type="cond" truecount="1" falsecount="1"/>
      <line num="314" count="0" type="stmt"/>
      <line num="315" count="0" type="stmt"/>
      <line num="317" count="3" type="stmt"/>
      <line num="322" count="5" type="stmt"/>
      <line num="323" count="0" type="stmt"/>
      <line num="324" count="0" type="stmt"/>
      <line num="330" count="0" type="cond" truecount="0" falsecount="2"/>
      <line num="331" count="0" type="stmt"/>
      <line num="332" count="0" type="stmt"/>
      <line num="335" count="0" type="cond" truecount="0" falsecount="2"/>
      <line num="336" count="0" type="stmt"/>
      <line num="339" count="0" type="stmt"/>
      <line num="344" count="5" type="stmt"/>
      <line num="345" count="3" type="stmt"/>
      <line num="348" count="3" type="cond" truecount="6" falsecount="0"/>
      <line num="349" count="1" type="stmt"/>
      <line num="353" count="2" type="stmt"/>
      <line num="354" count="2" type="cond" truecount="1" falsecount="1"/>
      <line num="355" count="0" type="stmt"/>
      <line num="356" count="0" type="stmt"/>
      <line num="359" count="2" type="cond" truecount="1" falsecount="1"/>
      <line num="360" count="0" type="stmt"/>
      <line num="364" count="2" type="stmt"/>
      <line num="365" count="2" type="stmt"/>
      <line num="367" count="2" type="cond" truecount="1" falsecount="1"/>
      <line num="368" count="0" type="stmt"/>
      <line num="372" count="2" type="stmt"/>
      <line num="373" count="2" type="stmt"/>
      <line num="375" count="2" type="stmt"/>
      <line num="376" count="13" type="stmt"/>
      <line num="377" count="13" type="cond" truecount="4" falsecount="0"/>
      <line num="378" count="9" type="stmt"/>
      <line num="380" count="13" type="stmt"/>
      <line num="384" count="2" type="cond" truecount="2" falsecount="0"/>
      <line num="385" count="1" type="stmt"/>
      <line num="393" count="1" type="stmt"/>
      <line num="396" count="1" type="stmt"/>
      <line num="401" count="1" type="cond" truecount="1" falsecount="1"/>
      <line num="402" count="0" type="stmt"/>
      <line num="403" count="0" type="stmt"/>
      <line num="406" count="1" type="stmt"/>
      <line num="421" count="5" type="stmt"/>
      <line num="422" count="2" type="stmt"/>
      <line num="425" count="2" type="stmt"/>
      <line num="426" count="2" type="cond" truecount="1" falsecount="1"/>
      <line num="427" count="0" type="stmt"/>
      <line num="428" count="0" type="stmt"/>
      <line num="431" count="2" type="cond" truecount="1" falsecount="1"/>
      <line num="432" count="0" type="stmt"/>
      <line num="435" count="2" type="cond" truecount="2" falsecount="0"/>
      <line num="436" count="1" type="stmt"/>
      <line num="440" count="1" type="stmt"/>
      <line num="441" count="1" type="stmt"/>
      <line num="442" count="1" type="stmt"/>
      <line num="443" count="1" type="stmt"/>
      <line num="445" count="1" type="stmt"/>
      <line num="446" count="3" type="stmt"/>
      <line num="447" count="3" type="cond" truecount="3" falsecount="1"/>
      <line num="448" count="3" type="stmt"/>
      <line num="450" count="3" type="stmt"/>
      <line num="453" count="1" type="stmt"/>
      <line num="456" count="1" type="stmt"/>
      <line num="457" count="1" type="stmt"/>
      <line num="460" count="1" type="stmt"/>
      <line num="462" count="1" type="cond" truecount="1" falsecount="1"/>
      <line num="463" count="0" type="stmt"/>
      <line num="464" count="0" type="stmt"/>
      <line num="465" count="0" type="stmt"/>
      <line num="469" count="1" type="stmt"/>
      <line num="471" count="1" type="cond" truecount="1" falsecount="1"/>
      <line num="472" count="0" type="stmt"/>
      <line num="473" count="0" type="stmt"/>
      <line num="474" count="0" type="stmt"/>
      <line num="477" count="1" type="stmt"/>
      <line num="478" count="1" type="cond" truecount="1" falsecount="1"/>
      <line num="479" count="0" type="stmt"/>
      <line num="480" count="0" type="stmt"/>
      <line num="481" count="0" type="stmt"/>
      <line num="485" count="1" type="stmt"/>
      <line num="486" count="1" type="cond" truecount="1" falsecount="1"/>
      <line num="487" count="0" type="stmt"/>
      <line num="488" count="0" type="stmt"/>
      <line num="491" count="1" type="stmt"/>
      <line num="505" count="5" type="stmt"/>
      <line num="506" count="1" type="stmt"/>
      <line num="507" count="1" type="stmt"/>
      <line num="510" count="1" type="stmt"/>
      <line num="511" count="1" type="cond" truecount="1" falsecount="1"/>
      <line num="512" count="0" type="stmt"/>
      <line num="513" count="0" type="stmt"/>
      <line num="516" count="1" type="cond" truecount="1" falsecount="1"/>
      <line num="517" count="0" type="stmt"/>
      <line num="520" count="1" type="cond" truecount="1" falsecount="1"/>
      <line num="521" count="0" type="stmt"/>
      <line num="524" count="1" type="stmt"/>
      <line num="527" count="1" type="stmt"/>
      <line num="529" count="1" type="cond" truecount="1" falsecount="1"/>
      <line num="530" count="0" type="stmt"/>
      <line num="531" count="0" type="stmt"/>
      <line num="534" count="1" type="stmt"/>
      <line num="544" count="5" type="stmt"/>
      <line num="545" count="1" type="stmt"/>
      <line num="546" count="1" type="cond" truecount="1" falsecount="1"/>
      <line num="547" count="0" type="stmt"/>
      <line num="548" count="0" type="stmt"/>
      <line num="550" count="1" type="stmt"/>
      <line num="555" count="5" type="stmt"/>
      <line num="556" count="0" type="stmt"/>
      <line num="557" count="0" type="cond" truecount="0" falsecount="2"/>
      <line num="558" count="0" type="stmt"/>
      <line num="559" count="0" type="stmt"/>
      <line num="561" count="0" type="stmt"/>
      <line num="566" count="5" type="stmt"/>
      <line num="567" count="0" type="stmt"/>
      <line num="568" count="0" type="cond" truecount="0" falsecount="2"/>
      <line num="569" count="0" type="stmt"/>
      <line num="570" count="0" type="stmt"/>
      <line num="572" count="0" type="stmt"/>
      <line num="577" count="5" type="stmt"/>
      <line num="578" count="0" type="stmt"/>
      <line num="579" count="0" type="stmt"/>
      <line num="580" count="0" type="stmt"/>
      <line num="582" count="0" type="stmt"/>
      <line num="583" count="0" type="stmt"/>
      <line num="587" count="5" type="stmt"/>
      <line num="588" count="0" type="stmt"/>
      <line num="589" count="0" type="stmt"/>
      <line num="590" count="0" type="stmt"/>
      <line num="592" count="0" type="cond" truecount="0" falsecount="2"/>
      <line num="593" count="0" type="stmt"/>
      <line num="596" count="0" type="stmt"/>
      <line num="598" count="0" type="stmt"/>
      <line num="599" count="0" type="stmt"/>
      <line num="603" count="5" type="stmt"/>
      <line num="604" count="0" type="stmt"/>
      <line num="605" count="0" type="stmt"/>
      <line num="608" count="0" type="cond" truecount="0" falsecount="4"/>
      <line num="609" count="0" type="stmt"/>
      <line num="613" count="0" type="stmt"/>
      <line num="615" count="0" type="cond" truecount="0" falsecount="3"/>
      <line num="620" count="0" type="cond" truecount="0" falsecount="2"/>
      <line num="621" count="0" type="stmt"/>
      <line num="627" count="0" type="stmt"/>
      <line num="638" count="0" type="stmt"/>
      <line num="642" count="0" type="stmt"/>
      <line num="644" count="0" type="stmt"/>
      <line num="645" count="0" type="stmt"/>
      <line num="649" count="5" type="stmt"/>
      <line num="650" count="0" type="stmt"/>
      <line num="651" count="0" type="stmt"/>
      <line num="652" count="0" type="stmt"/>
      <line num="654" count="0" type="stmt"/>
      <line num="656" count="0" type="cond" truecount="0" falsecount="2"/>
      <line num="657" count="0" type="stmt"/>
      <line num="661" count="0" type="cond" truecount="0" falsecount="4"/>
      <line num="662" count="0" type="stmt"/>
      <line num="668" count="0" type="cond" truecount="0" falsecount="5"/>
      <line num="669" count="0" type="stmt"/>
      <line num="671" count="0" type="cond" truecount="0" falsecount="4"/>
      <line num="677" count="0" type="cond" truecount="0" falsecount="2"/>
      <line num="678" count="0" type="stmt"/>
      <line num="685" count="0" type="stmt"/>
      <line num="696" count="0" type="stmt"/>
      <line num="701" count="0" type="stmt"/>
      <line num="703" count="0" type="stmt"/>
      <line num="704" count="0" type="stmt"/>
      <line num="708" count="5" type="stmt"/>
      <line num="709" count="0" type="stmt"/>
      <line num="710" count="0" type="stmt"/>
      <line num="712" count="0" type="stmt"/>
      <line num="714" count="0" type="cond" truecount="0" falsecount="2"/>
      <line num="715" count="0" type="stmt"/>
      <line num="719" count="0" type="cond" truecount="0" falsecount="2"/>
      <line num="720" count="0" type="stmt"/>
      <line num="725" count="0" type="stmt"/>
      <line num="729" count="0" type="stmt"/>
      <line num="731" count="0" type="stmt"/>
      <line num="732" count="0" type="stmt"/>
      <line num="737" count="5" type="stmt"/>
      <line num="738" count="0" type="stmt"/>
      <line num="741" count="0" type="stmt"/>
      <line num="749" count="0" type="stmt"/>
      <line num="751" count="0" type="stmt"/>
      <line num="752" count="0" type="stmt"/>
      <line num="757" count="5" type="stmt"/>
      <line num="758" count="0" type="stmt"/>
      <line num="759" count="0" type="stmt"/>
      <line num="760" count="0" type="stmt"/>
      <line num="762" count="0" type="cond" truecount="0" falsecount="4"/>
      <line num="763" count="0" type="stmt"/>
      <line num="766" count="0" type="stmt"/>
      <line num="768" count="0" type="cond" truecount="0" falsecount="4"/>
      <line num="774" count="0" type="stmt"/>
      <line num="780" count="0" type="stmt"/>
      <line num="781" count="0" type="stmt"/>
      <line num="786" count="5" type="stmt"/>
      <line num="787" count="0" type="stmt"/>
      <line num="788" count="0" type="cond" truecount="0" falsecount="2"/>
      <line num="789" count="0" type="stmt"/>
      <line num="790" count="0" type="stmt"/>
      <line num="792" count="0" type="stmt"/>
      <line num="797" count="5" type="cond" truecount="1" falsecount="1"/>
      <line num="798" count="0" type="stmt"/>
      <line num="799" count="0" type="stmt"/>
      <line num="804" count="5" type="stmt"/>
    </file>
  </project>
</coverage>
