TN:
SF:index.js
FN:33,(anonymous_0)
FN:56,(anonymous_1)
FN:85,initializeDatabase
FN:97,(anonymous_3)
FN:117,(anonymous_4)
FN:125,(anonymous_5)
FN:145,(anonymous_6)
FN:146,(anonymous_7)
FN:229,(anonymous_8)
FN:230,(anonymous_9)
FN:239,(anonymous_10)
FN:246,(anonymous_11)
FN:263,(anonymous_12)
FN:264,(anonymous_13)
FN:274,(anonymous_14)
FN:276,(anonymous_15)
FN:291,(anonymous_16)
FN:312,(anonymous_17)
FN:322,(anonymous_18)
FN:329,(anonymous_19)
FN:344,(anonymous_20)
FN:353,(anonymous_21)
FN:400,(anonymous_22)
FN:421,(anonymous_23)
FN:425,(anonymous_24)
FN:456,(anonymous_25)
FN:461,(anonymous_26)
FN:470,(anonymous_27)
FN:477,(anonymous_28)
FN:485,(anonymous_29)
FN:505,(anonymous_30)
FN:510,(anonymous_31)
FN:528,(anonymous_32)
FN:544,(anonymous_33)
FN:545,(anonymous_34)
FN:555,(anonymous_35)
FN:556,(anonymous_36)
FN:566,(anonymous_37)
FN:567,(anonymous_38)
FN:577,(anonymous_39)
FN:587,(anonymous_40)
FN:603,(anonymous_41)
FN:614,(anonymous_42)
FN:649,(anonymous_43)
FN:670,(anonymous_44)
FN:708,(anonymous_45)
FN:737,(anonymous_46)
FN:757,(anonymous_47)
FN:767,(anonymous_48)
FN:786,(anonymous_49)
FN:787,(anonymous_50)
FN:798,(anonymous_51)
FNF:52
FNH:27
FNDA:1,(anonymous_0)
FNDA:5,(anonymous_1)
FNDA:0,initializeDatabase
FNDA:0,(anonymous_3)
FNDA:0,(anonymous_4)
FNDA:0,(anonymous_5)
FNDA:0,(anonymous_6)
FNDA:0,(anonymous_7)
FNDA:1,(anonymous_8)
FNDA:1,(anonymous_9)
FNDA:2,(anonymous_10)
FNDA:1,(anonymous_11)
FNDA:2,(anonymous_12)
FNDA:2,(anonymous_13)
FNDA:4,(anonymous_14)
FNDA:4,(anonymous_15)
FNDA:3,(anonymous_16)
FNDA:3,(anonymous_17)
FNDA:0,(anonymous_18)
FNDA:0,(anonymous_19)
FNDA:3,(anonymous_20)
FNDA:2,(anonymous_21)
FNDA:1,(anonymous_22)
FNDA:2,(anonymous_23)
FNDA:2,(anonymous_24)
FNDA:1,(anonymous_25)
FNDA:1,(anonymous_26)
FNDA:1,(anonymous_27)
FNDA:1,(anonymous_28)
FNDA:1,(anonymous_29)
FNDA:1,(anonymous_30)
FNDA:1,(anonymous_31)
FNDA:1,(anonymous_32)
FNDA:1,(anonymous_33)
FNDA:1,(anonymous_34)
FNDA:0,(anonymous_35)
FNDA:0,(anonymous_36)
FNDA:0,(anonymous_37)
FNDA:0,(anonymous_38)
FNDA:0,(anonymous_39)
FNDA:0,(anonymous_40)
FNDA:0,(anonymous_41)
FNDA:0,(anonymous_42)
FNDA:0,(anonymous_43)
FNDA:0,(anonymous_44)
FNDA:0,(anonymous_45)
FNDA:0,(anonymous_46)
FNDA:0,(anonymous_47)
FNDA:0,(anonymous_48)
FNDA:0,(anonymous_49)
FNDA:0,(anonymous_50)
FNDA:0,(anonymous_51)
DA:1,5
DA:2,5
DA:3,5
DA:4,5
DA:5,5
DA:6,5
DA:7,5
DA:10,5
DA:11,5
DA:14,5
DA:15,5
DA:20,5
DA:29,5
DA:30,5
DA:33,5
DA:34,1
DA:42,5
DA:43,0
DA:47,5
DA:48,5
DA:49,0
DA:53,5
DA:56,5
DA:57,5
DA:58,0
DA:59,0
DA:61,5
DA:64,5
DA:65,0
DA:70,5
DA:71,5
DA:74,5
DA:86,0
DA:89,0
DA:98,0
DA:99,0
DA:100,0
DA:102,0
DA:105,0
DA:118,0
DA:119,0
DA:120,0
DA:122,0
DA:125,0
DA:126,0
DA:127,0
DA:128,0
DA:131,0
DA:132,0
DA:135,0
DA:143,0
DA:145,0
DA:146,0
DA:147,0
DA:151,0
DA:152,0
DA:159,0
DA:167,0
DA:178,0
DA:190,0
DA:202,0
DA:214,0
DA:229,5
DA:230,1
DA:231,1
DA:232,0
DA:233,0
DA:235,1
DA:239,5
DA:240,2
DA:242,2
DA:243,1
DA:246,1
DA:247,1
DA:248,0
DA:249,0
DA:252,1
DA:263,5
DA:264,2
DA:265,2
DA:266,0
DA:267,0
DA:269,2
DA:274,5
DA:275,4
DA:276,4
DA:277,4
DA:278,0
DA:279,0
DA:282,4
DA:283,2
DA:286,2
DA:291,5
DA:292,3
DA:293,3
DA:294,3
DA:296,3
DA:297,2
DA:299,2
DA:300,1
DA:301,1
DA:304,2
DA:305,1
DA:306,1
DA:310,3
DA:312,3
DA:313,3
DA:314,0
DA:315,0
DA:317,3
DA:322,5
DA:323,0
DA:324,0
DA:330,0
DA:331,0
DA:332,0
DA:335,0
DA:336,0
DA:339,0
DA:344,5
DA:345,3
DA:348,3
DA:349,1
DA:353,2
DA:354,2
DA:355,0
DA:356,0
DA:359,2
DA:360,0
DA:364,2
DA:365,2
DA:367,2
DA:368,0
DA:372,2
DA:373,2
DA:375,2
DA:376,13
DA:377,13
DA:378,9
DA:380,13
DA:384,2
DA:385,1
DA:393,1
DA:396,1
DA:401,1
DA:402,0
DA:403,0
DA:406,1
DA:421,5
DA:422,2
DA:425,2
DA:426,2
DA:427,0
DA:428,0
DA:431,2
DA:432,0
DA:435,2
DA:436,1
DA:440,1
DA:441,1
DA:442,1
DA:443,1
DA:445,1
DA:446,3
DA:447,3
DA:448,3
DA:450,3
DA:453,1
DA:456,1
DA:457,1
DA:460,1
DA:462,1
DA:463,0
DA:464,0
DA:465,0
DA:469,1
DA:471,1
DA:472,0
DA:473,0
DA:474,0
DA:477,1
DA:478,1
DA:479,0
DA:480,0
DA:481,0
DA:485,1
DA:486,1
DA:487,0
DA:488,0
DA:491,1
DA:505,5
DA:506,1
DA:507,1
DA:510,1
DA:511,1
DA:512,0
DA:513,0
DA:516,1
DA:517,0
DA:520,1
DA:521,0
DA:524,1
DA:527,1
DA:529,1
DA:530,0
DA:531,0
DA:534,1
DA:544,5
DA:545,1
DA:546,1
DA:547,0
DA:548,0
DA:550,1
DA:555,5
DA:556,0
DA:557,0
DA:558,0
DA:559,0
DA:561,0
DA:566,5
DA:567,0
DA:568,0
DA:569,0
DA:570,0
DA:572,0
DA:577,5
DA:578,0
DA:579,0
DA:580,0
DA:582,0
DA:583,0
DA:587,5
DA:588,0
DA:589,0
DA:590,0
DA:592,0
DA:593,0
DA:596,0
DA:598,0
DA:599,0
DA:603,5
DA:604,0
DA:605,0
DA:608,0
DA:609,0
DA:613,0
DA:615,0
DA:620,0
DA:621,0
DA:627,0
DA:638,0
DA:642,0
DA:644,0
DA:645,0
DA:649,5
DA:650,0
DA:651,0
DA:652,0
DA:654,0
DA:656,0
DA:657,0
DA:661,0
DA:662,0
DA:668,0
DA:669,0
DA:671,0
DA:677,0
DA:678,0
DA:685,0
DA:696,0
DA:701,0
DA:703,0
DA:704,0
DA:708,5
DA:709,0
DA:710,0
DA:712,0
DA:714,0
DA:715,0
DA:719,0
DA:720,0
DA:725,0
DA:729,0
DA:731,0
DA:732,0
DA:737,5
DA:738,0
DA:741,0
DA:749,0
DA:751,0
DA:752,0
DA:757,5
DA:758,0
DA:759,0
DA:760,0
DA:762,0
DA:763,0
DA:766,0
DA:768,0
DA:774,0
DA:780,0
DA:781,0
DA:786,5
DA:787,0
DA:788,0
DA:789,0
DA:790,0
DA:792,0
DA:797,5
DA:798,0
DA:799,0
DA:804,5
LF:312
LH:144
BRDA:11,0,0,5
BRDA:11,0,1,5
BRDA:15,1,0,0
BRDA:15,1,1,5
BRDA:37,2,0,1
BRDA:37,2,1,0
BRDA:42,3,0,0
BRDA:42,3,1,5
BRDA:48,4,0,0
BRDA:48,4,1,5
BRDA:53,5,0,5
BRDA:53,5,1,1
BRDA:57,6,0,0
BRDA:57,6,1,5
BRDA:64,7,0,0
BRDA:64,7,1,5
BRDA:98,8,0,0
BRDA:98,8,1,0
BRDA:118,9,0,0
BRDA:118,9,1,0
BRDA:126,10,0,0
BRDA:126,10,1,0
BRDA:131,11,0,0
BRDA:131,11,1,0
BRDA:147,12,0,0
BRDA:147,12,1,0
BRDA:231,13,0,0
BRDA:231,13,1,1
BRDA:242,14,0,1
BRDA:242,14,1,1
BRDA:246,15,0,1
BRDA:246,15,1,0
BRDA:247,16,0,0
BRDA:247,16,1,1
BRDA:265,17,0,0
BRDA:265,17,1,2
BRDA:277,18,0,0
BRDA:277,18,1,4
BRDA:282,19,0,2
BRDA:282,19,1,2
BRDA:296,20,0,2
BRDA:296,20,1,1
BRDA:296,21,0,3
BRDA:296,21,1,2
BRDA:299,22,0,1
BRDA:299,22,1,1
BRDA:304,23,0,1
BRDA:304,23,1,1
BRDA:305,24,0,0
BRDA:305,24,1,1
BRDA:313,25,0,0
BRDA:313,25,1,3
BRDA:330,26,0,0
BRDA:330,26,1,0
BRDA:335,27,0,0
BRDA:335,27,1,0
BRDA:348,28,0,1
BRDA:348,28,1,2
BRDA:348,29,0,3
BRDA:348,29,1,3
BRDA:348,29,2,3
BRDA:348,29,3,3
BRDA:354,30,0,0
BRDA:354,30,1,2
BRDA:359,31,0,0
BRDA:359,31,1,2
BRDA:367,32,0,0
BRDA:367,32,1,2
BRDA:377,33,0,9
BRDA:377,33,1,4
BRDA:377,34,0,13
BRDA:377,34,1,10
BRDA:384,35,0,1
BRDA:384,35,1,1
BRDA:401,36,0,0
BRDA:401,36,1,1
BRDA:426,37,0,0
BRDA:426,37,1,2
BRDA:431,38,0,0
BRDA:431,38,1,2
BRDA:435,39,0,1
BRDA:435,39,1,1
BRDA:447,40,0,3
BRDA:447,40,1,0
BRDA:447,41,0,3
BRDA:447,41,1,3
BRDA:462,42,0,0
BRDA:462,42,1,1
BRDA:471,43,0,0
BRDA:471,43,1,1
BRDA:478,44,0,0
BRDA:478,44,1,1
BRDA:486,45,0,0
BRDA:486,45,1,1
BRDA:511,46,0,0
BRDA:511,46,1,1
BRDA:516,47,0,0
BRDA:516,47,1,1
BRDA:520,48,0,0
BRDA:520,48,1,1
BRDA:529,49,0,0
BRDA:529,49,1,1
BRDA:546,50,0,0
BRDA:546,50,1,1
BRDA:557,51,0,0
BRDA:557,51,1,0
BRDA:568,52,0,0
BRDA:568,52,1,0
BRDA:592,53,0,0
BRDA:592,53,1,0
BRDA:608,54,0,0
BRDA:608,54,1,0
BRDA:608,55,0,0
BRDA:608,55,1,0
BRDA:615,56,0,0
BRDA:615,56,1,0
BRDA:615,56,2,0
BRDA:620,57,0,0
BRDA:620,57,1,0
BRDA:633,58,0,0
BRDA:633,58,1,0
BRDA:656,59,0,0
BRDA:656,59,1,0
BRDA:661,60,0,0
BRDA:661,60,1,0
BRDA:661,61,0,0
BRDA:661,61,1,0
BRDA:668,62,0,0
BRDA:668,62,1,0
BRDA:668,63,0,0
BRDA:668,63,1,0
BRDA:668,63,2,0
BRDA:671,64,0,0
BRDA:671,64,1,0
BRDA:671,64,2,0
BRDA:671,64,3,0
BRDA:677,65,0,0
BRDA:677,65,1,0
BRDA:687,66,0,0
BRDA:687,66,1,0
BRDA:688,67,0,0
BRDA:688,67,1,0
BRDA:689,68,0,0
BRDA:689,68,1,0
BRDA:690,69,0,0
BRDA:690,69,1,0
BRDA:691,70,0,0
BRDA:691,70,1,0
BRDA:692,71,0,0
BRDA:692,71,1,0
BRDA:714,72,0,0
BRDA:714,72,1,0
BRDA:719,73,0,0
BRDA:719,73,1,0
BRDA:762,74,0,0
BRDA:762,74,1,0
BRDA:762,75,0,0
BRDA:762,75,1,0
BRDA:768,76,0,0
BRDA:768,76,1,0
BRDA:768,76,2,0
BRDA:768,76,3,0
BRDA:788,77,0,0
BRDA:788,77,1,0
BRDA:797,78,0,0
BRDA:797,78,1,5
BRF:166
BRH:62
end_of_record
